<?xml version="1.0" encoding="UTF-8"?>
<!-- Generated by org.testng.reporters.JUnitXMLReporter -->
<testsuite ignored="1" hostname="DESKTOP-N995C3G" failures="0" tests="1" name="Default test" time="4.879" errors="0" timestamp="2023-05-24T15:05:44 IST">
  <testcase classname="testCaseBestBuy.LocationTestBB" name="tc_01_validateBBUrlLaunched" time="0.812"/>
  <testcase classname="testCaseBestBuy.LocationTestBB" name="tc_02_validateUrlIsNotBroken" time="0.0">
    <ignored/>
  </testcase> <!-- tc_02_validateUrlIsNotBroken -->
</testsuite> <!-- Default test -->
