<?xml version="1.0" encoding="UTF-8"?>
<testng-results ignored="1" total="2" passed="1" failed="0" skipped="0">
  <reporter-output>
  </reporter-output>
  <suite started-at="2023-05-24T15:05:39 IST" name="Default suite" finished-at="2023-05-24T15:05:44 IST" duration-ms="4879">
    <groups>
    </groups>
    <test started-at="2023-05-24T15:05:39 IST" name="Default test" finished-at="2023-05-24T15:05:44 IST" duration-ms="4879">
      <class name="testCaseBestBuy.LocationTestBB">
        <test-method is-config="true" signature="start()[pri:0, instance:testCaseBestBuy.LocationTestBB@429bffaa]" started-at="2023-05-24T15:05:39 IST" name="start" finished-at="2023-05-24T15:05:43 IST" duration-ms="3612" status="PASS">
          <reporter-output>
          </reporter-output>
        </test-method> <!-- start -->
        <test-method signature="tc_01_validateBBUrlLaunched()[pri:0, instance:testCaseBestBuy.LocationTestBB@429bffaa]" started-at="2023-05-24T15:05:43 IST" name="tc_01_validateBBUrlLaunched" finished-at="2023-05-24T15:05:44 IST" duration-ms="812" status="PASS">
          <reporter-output>
          </reporter-output>
        </test-method> <!-- tc_01_validateBBUrlLaunched -->
        <test-method is-config="true" signature="close()[pri:0, instance:testCaseBestBuy.LocationTestBB@429bffaa]" started-at="2023-05-24T15:05:44 IST" name="close" finished-at="2023-05-24T15:05:44 IST" duration-ms="408" status="PASS">
          <reporter-output>
          </reporter-output>
        </test-method> <!-- close -->
      </class> <!-- testCaseBestBuy.LocationTestBB -->
    </test> <!-- Default test -->
  </suite> <!-- Default suite -->
</testng-results>
